Exporter version: 5.6.4, Blender version: 2.79 (sub 0)
========= Conversion from Blender to Babylon.js =========
	Scene settings used :
		export scope        :  SELECTED
		inline textures     :  false
		Positions Precision :  4
		Normals Precision   :  3
		UVs Precision       :  3
		Vert Color Precision:  3
		Mat Weight Precision:  2
		texture directory   :  C:\Users\poehl\WebGL\models\Monkey\
	Python World class constructor completed
	processing begun of skeleton:  Armature, id:  0
		processing begun of bone:  Bone, index:  0
		processing begun of bone:  Bone.001, index:  1
		processing action Dangle:  in[1 - 31], out[0 - 31]
		processing action Dangle3D:  in[1 - 41], out[40 - 81]
	processing begun of mesh:  Suzanne
		animation processing begun
			processing action Dangle:  in[1 - 31], out[0 - 31]
			processing action Dangle3D:  in[1 - 41], out[40 - 81]
		processing begun of Standard material:  Material.001
		num positions      :  2012
		num normals        :  2012
		num uvs            :  0
		num uvs2           :  0
		num colors         :  0
		num indices        :  11808
		Skeleton stats:  
			Total Influencers:  3786
			Avg # of influencers per vertex:  1.8817
			Highest # of influencers observed:  2, num vertices with this:  1774
			exported as 2 influencers
			num skeletonWeights and skeletonIndices:  8048
========= Writing of scene file started =========
========= Writing of scene file completed =========
========= end of processing =========
elapsed time:  0 min, 1.664 secs
